2022-05-06  0:41:09 0 [Note] InnoDB: Mutexes and rw_locks use Windows interlocked functions
2022-05-06  0:41:09 0 [Note] InnoDB: Uses event mutexes
2022-05-06  0:41:09 0 [Note] InnoDB: Compressed tables use zlib 1.2.11
2022-05-06  0:41:09 0 [Note] InnoDB: Number of pools: 1
2022-05-06  0:41:09 0 [Note] InnoDB: Using SSE2 crc32 instructions
2022-05-06  0:41:09 0 [Note] InnoDB: Initializing buffer pool, total size = 16M, instances = 1, chunk size = 16M
2022-05-06  0:41:09 0 [Note] InnoDB: Completed initialization of buffer pool
2022-05-06  0:41:09 0 [Note] InnoDB: Starting crash recovery from checkpoint LSN=300288
2022-05-06  0:41:09 0 [Note] InnoDB: 128 out of 128 rollback segments are active.
2022-05-06  0:41:09 0 [Note] InnoDB: Removed temporary tablespace data file: "ibtmp1"
2022-05-06  0:41:09 0 [Note] InnoDB: Creating shared tablespace for temporary tables
2022-05-06  0:41:09 0 [Note] InnoDB: Setting file 'C:\xampp\mysql\data\ibtmp1' size to 12 MB. Physically writing the file full; Please wait ...
2022-05-06  0:41:09 0 [Note] InnoDB: File 'C:\xampp\mysql\data\ibtmp1' size is now 12 MB.
2022-05-06  0:41:09 0 [Note] InnoDB: Waiting for purge to start
2022-05-06  0:41:09 0 [Note] InnoDB: 10.4.24 started; log sequence number 300297; transaction id 170
2022-05-06  0:41:09 0 [Note] InnoDB: Loading buffer pool(s) from C:\xampp\mysql\data\ib_buffer_pool
2022-05-06  0:41:09 0 [Note] Plugin 'FEEDBACK' is disabled.
2022-05-06  0:41:09 0 [Note] Server socket created on IP: '::'.
2022-05-06  1:19:11 0 [Note] InnoDB: Mutexes and rw_locks use Windows interlocked functions
2022-05-06  1:19:11 0 [Note] InnoDB: Uses event mutexes
2022-05-06  1:19:11 0 [Note] InnoDB: Compressed tables use zlib 1.2.11
2022-05-06  1:19:11 0 [Note] InnoDB: Number of pools: 1
2022-05-06  1:19:11 0 [Note] InnoDB: Using SSE2 crc32 instructions
2022-05-06  1:19:11 0 [Note] InnoDB: Initializing buffer pool, total size = 16M, instances = 1, chunk size = 16M
2022-05-06  1:19:11 0 [Note] InnoDB: Completed initialization of buffer pool
2022-05-06  1:19:11 0 [Note] InnoDB: Starting crash recovery from checkpoint LSN=304075
2022-05-06  1:19:12 0 [Note] InnoDB: 128 out of 128 rollback segments are active.
2022-05-06  1:19:12 0 [Note] InnoDB: Removed temporary tablespace data file: "ibtmp1"
2022-05-06  1:19:12 0 [Note] InnoDB: Creating shared tablespace for temporary tables
2022-05-06  1:19:12 0 [Note] InnoDB: Setting file 'C:\xampp\mysql\data\ibtmp1' size to 12 MB. Physically writing the file full; Please wait ...
2022-05-06  1:19:12 0 [Note] InnoDB: File 'C:\xampp\mysql\data\ibtmp1' size is now 12 MB.
2022-05-06  1:19:12 0 [Note] InnoDB: Waiting for purge to start
2022-05-06  1:19:12 0 [Note] InnoDB: 10.4.24 started; log sequence number 304084; transaction id 195
2022-05-06  1:19:12 0 [Note] InnoDB: Loading buffer pool(s) from C:\xampp\mysql\data\ib_buffer_pool
2022-05-06  1:19:12 0 [Note] Plugin 'FEEDBACK' is disabled.
2022-05-06  1:19:12 0 [Note] Server socket created on IP: '::'.
2022-05-06  1:43:05 0 [Note] InnoDB: Mutexes and rw_locks use Windows interlocked functions
2022-05-06  1:43:05 0 [Note] InnoDB: Uses event mutexes
2022-05-06  1:43:05 0 [Note] InnoDB: Compressed tables use zlib 1.2.11
2022-05-06  1:43:05 0 [Note] InnoDB: Number of pools: 1
2022-05-06  1:43:05 0 [Note] InnoDB: Using SSE2 crc32 instructions
2022-05-06  1:43:05 0 [Note] InnoDB: Initializing buffer pool, total size = 16M, instances = 1, chunk size = 16M
2022-05-06  1:43:05 0 [Note] InnoDB: Completed initialization of buffer pool
2022-05-06  1:43:05 0 [Note] InnoDB: Starting crash recovery from checkpoint LSN=304093
2022-05-06  1:43:05 0 [Note] InnoDB: 128 out of 128 rollback segments are active.
2022-05-06  1:43:05 0 [Note] InnoDB: Removed temporary tablespace data file: "ibtmp1"
2022-05-06  1:43:05 0 [Note] InnoDB: Creating shared tablespace for temporary tables
2022-05-06  1:43:05 0 [Note] InnoDB: Setting file 'C:\CSC\INETGroup6Copy\host\data\ibtmp1' size to 12 MB. Physically writing the file full; Please wait ...
2022-05-06  1:43:05 0 [Note] InnoDB: File 'C:\CSC\INETGroup6Copy\host\data\ibtmp1' size is now 12 MB.
2022-05-06  1:43:05 0 [Note] InnoDB: Waiting for purge to start
2022-05-06  1:43:05 0 [Note] InnoDB: 10.4.24 started; log sequence number 304102; transaction id 195
2022-05-06  1:43:05 0 [Note] InnoDB: Loading buffer pool(s) from C:\CSC\INETGroup6Copy\host\data\ib_buffer_pool
2022-05-06  1:43:05 0 [Note] Plugin 'FEEDBACK' is disabled.
2022-05-06  1:43:06 0 [Note] InnoDB: Buffer pool(s) load completed at 220506  1:43:06
2022-05-06  1:43:06 0 [Note] Server socket created on IP: '::'.
2022-05-06  1:43:32 0 [Note] InnoDB: Mutexes and rw_locks use Windows interlocked functions
2022-05-06  1:43:32 0 [Note] InnoDB: Uses event mutexes
2022-05-06  1:43:32 0 [Note] InnoDB: Compressed tables use zlib 1.2.11
2022-05-06  1:43:32 0 [Note] InnoDB: Number of pools: 1
2022-05-06  1:43:32 0 [Note] InnoDB: Using SSE2 crc32 instructions
2022-05-06  1:43:32 0 [Note] InnoDB: Initializing buffer pool, total size = 16M, instances = 1, chunk size = 16M
2022-05-06  1:43:32 0 [Note] InnoDB: Completed initialization of buffer pool
2022-05-06  1:43:32 0 [Note] InnoDB: Starting crash recovery from checkpoint LSN=304111
2022-05-06  1:43:32 0 [Note] InnoDB: 128 out of 128 rollback segments are active.
2022-05-06  1:43:32 0 [Note] InnoDB: Removed temporary tablespace data file: "ibtmp1"
2022-05-06  1:43:32 0 [Note] InnoDB: Creating shared tablespace for temporary tables
2022-05-06  1:43:32 0 [Note] InnoDB: Setting file 'C:\CSC\INETGroup6Copy\host\data\ibtmp1' size to 12 MB. Physically writing the file full; Please wait ...
2022-05-06  1:43:32 0 [Note] InnoDB: File 'C:\CSC\INETGroup6Copy\host\data\ibtmp1' size is now 12 MB.
2022-05-06  1:43:32 0 [Note] InnoDB: Waiting for purge to start
2022-05-06  1:43:32 0 [Note] InnoDB: 10.4.24 started; log sequence number 304120; transaction id 195
2022-05-06  1:43:32 0 [Note] InnoDB: Loading buffer pool(s) from C:\CSC\INETGroup6Copy\host\data\ib_buffer_pool
2022-05-06  1:43:32 0 [Note] Plugin 'FEEDBACK' is disabled.
2022-05-06  1:43:32 0 [Note] Server socket created on IP: '::'.
2022-05-06  2:08:02 0 [Note] InnoDB: Mutexes and rw_locks use Windows interlocked functions
2022-05-06  2:08:02 0 [Note] InnoDB: Uses event mutexes
2022-05-06  2:08:02 0 [Note] InnoDB: Compressed tables use zlib 1.2.11
2022-05-06  2:08:02 0 [Note] InnoDB: Number of pools: 1
2022-05-06  2:08:02 0 [Note] InnoDB: Using SSE2 crc32 instructions
2022-05-06  2:08:02 0 [Note] InnoDB: Initializing buffer pool, total size = 16M, instances = 1, chunk size = 16M
2022-05-06  2:08:02 0 [Note] InnoDB: Completed initialization of buffer pool
2022-05-06  2:08:02 0 [Note] InnoDB: Starting crash recovery from checkpoint LSN=304543
2022-05-06  2:08:02 0 [Note] InnoDB: 128 out of 128 rollback segments are active.
2022-05-06  2:08:02 0 [Note] InnoDB: Removed temporary tablespace data file: "ibtmp1"
2022-05-06  2:08:02 0 [Note] InnoDB: Creating shared tablespace for temporary tables
2022-05-06  2:08:02 0 [Note] InnoDB: Setting file 'C:\CSC\INETGroup6Copy\host\data\ibtmp1' size to 12 MB. Physically writing the file full; Please wait ...
2022-05-06  2:08:02 0 [Note] InnoDB: File 'C:\CSC\INETGroup6Copy\host\data\ibtmp1' size is now 12 MB.
2022-05-06  2:08:02 0 [Note] InnoDB: Waiting for purge to start
2022-05-06  2:08:02 0 [Note] InnoDB: 10.4.24 started; log sequence number 304552; transaction id 218
2022-05-06  2:08:02 0 [Note] InnoDB: Loading buffer pool(s) from C:\CSC\INETGroup6Copy\host\data\ib_buffer_pool
2022-05-06  2:08:02 0 [Note] Plugin 'FEEDBACK' is disabled.
2022-05-06  2:08:02 0 [Note] Server socket created on IP: '::'.
2022-05-06  2:34:29 0 [Note] InnoDB: Mutexes and rw_locks use Windows interlocked functions
2022-05-06  2:34:29 0 [Note] InnoDB: Uses event mutexes
2022-05-06  2:34:29 0 [Note] InnoDB: Compressed tables use zlib 1.2.11
2022-05-06  2:34:29 0 [Note] InnoDB: Number of pools: 1
2022-05-06  2:34:29 0 [Note] InnoDB: Using SSE2 crc32 instructions
2022-05-06  2:34:29 0 [Note] InnoDB: Initializing buffer pool, total size = 16M, instances = 1, chunk size = 16M
2022-05-06  2:34:29 0 [Note] InnoDB: Completed initialization of buffer pool
2022-05-06  2:34:29 0 [Note] InnoDB: Starting crash recovery from checkpoint LSN=304878
2022-05-06  2:34:29 0 [Note] InnoDB: 128 out of 128 rollback segments are active.
2022-05-06  2:34:29 0 [Note] InnoDB: Removed temporary tablespace data file: "ibtmp1"
2022-05-06  2:34:29 0 [Note] InnoDB: Creating shared tablespace for temporary tables
2022-05-06  2:34:29 0 [Note] InnoDB: Setting file 'C:\CSC\INETGroup6\host\data\ibtmp1' size to 12 MB. Physically writing the file full; Please wait ...
2022-05-06  2:34:29 0 [Note] InnoDB: File 'C:\CSC\INETGroup6\host\data\ibtmp1' size is now 12 MB.
2022-05-06  2:34:29 0 [Note] InnoDB: Waiting for purge to start
2022-05-06  2:34:29 0 [Note] InnoDB: 10.4.24 started; log sequence number 304887; transaction id 241
2022-05-06  2:34:29 0 [Note] InnoDB: Loading buffer pool(s) from C:\CSC\INETGroup6\host\data\ib_buffer_pool
2022-05-06  2:34:29 0 [Note] Plugin 'FEEDBACK' is disabled.
2022-05-06  2:34:29 0 [Note] Server socket created on IP: '::'.
